<?xml version="1.0" encoding="UTF-8"?>
<testng-results ignored="0" total="1" passed="1" failed="0" skipped="0">
  <reporter-output>
  </reporter-output>
  <suite started-at="2025-09-02T17:37:57 IST" name="Suite" finished-at="2025-09-02T17:38:15 IST" duration-ms="18182">
    <groups>
      <group name="sanity">
        <method signature="LoginTest.testLogin()[pri:0, instance:testCases.LoginTest@5b239d7d]" name="testLogin" class="testCases.LoginTest"/>
      </group> <!-- sanity -->
      <group name="master">
        <method signature="LoginTest.testLogin()[pri:0, instance:testCases.LoginTest@5b239d7d]" name="testLogin" class="testCases.LoginTest"/>
      </group> <!-- master -->
    </groups>
    <test started-at="2025-09-02T17:37:57 IST" name="Test" finished-at="2025-09-02T17:38:15 IST" duration-ms="18182">
      <class name="testCases.LoginTest">
        <test-method is-config="true" signature="setup(java.lang.String,java.lang.String)[pri:0, instance:testCases.LoginTest@5b239d7d]" started-at="2025-09-02T17:37:57 IST" name="setup" finished-at="2025-09-02T17:38:10 IST" duration-ms="12804" status="PASS">
          <params>
            <param index="0">
              <value>
                <![CDATA[windows]]>
              </value>
            </param>
            <param index="1">
              <value>
                <![CDATA[chrome]]>
              </value>
            </param>
          </params>
          <reporter-output>
          </reporter-output>
        </test-method> <!-- setup -->
        <test-method signature="testLogin()[pri:0, instance:testCases.LoginTest@5b239d7d]" started-at="2025-09-02T17:38:10 IST" name="testLogin" finished-at="2025-09-02T17:38:14 IST" duration-ms="4373" status="PASS">
          <reporter-output>
          </reporter-output>
        </test-method> <!-- testLogin -->
        <test-method is-config="true" signature="tearDown()[pri:0, instance:testCases.LoginTest@5b239d7d]" started-at="2025-09-02T17:38:15 IST" name="tearDown" finished-at="2025-09-02T17:38:15 IST" duration-ms="270" status="PASS">
          <reporter-output>
          </reporter-output>
        </test-method> <!-- tearDown -->
      </class> <!-- testCases.LoginTest -->
    </test> <!-- Test -->
  </suite> <!-- Suite -->
</testng-results>
